<?xml version="1.0" encoding="UTF-8"?>
<!-- Generated by org.testng.reporters.JUnitXMLReporter -->
<testsuite ignored="0" hostname="DESKTOP-0OU3DQS" failures="0" tests="4" name="Functional" time="44.07" errors="0" timestamp="2021-08-08T15:59:36 GMT-12:00">
  <testcase classname="a.MultiplicationTest" name="multiplication" time="16.179"/>
  <testcase classname="a.AdditionTest" name="Addition" time="9.514"/>
  <testcase classname="a.SubtractionTest" name="subtraction" time="6.971"/>
  <testcase classname="a.DivisionTest" name="division" time="11.293"/>
</testsuite> <!-- Functional -->
